
/home/runner/work/exp-flash-drum-iitkgp/exp-flash-drum-iitkgp/experiment/simulation/script.js
   12:10  warning  'uflow' is defined but never used      no-unused-vars
   16:2   warning  Mixed spaces and tabs                  no-mixed-spaces-and-tabs
   17:1   warning  Mixed spaces and tabs                  no-mixed-spaces-and-tabs
   18:1   warning  Mixed spaces and tabs                  no-mixed-spaces-and-tabs
   19:1   warning  Mixed spaces and tabs                  no-mixed-spaces-and-tabs
   20:1   warning  Mixed spaces and tabs                  no-mixed-spaces-and-tabs
   21:2   warning  Mixed spaces and tabs                  no-mixed-spaces-and-tabs
   22:1   warning  Mixed spaces and tabs                  no-mixed-spaces-and-tabs
   23:1   warning  Mixed spaces and tabs                  no-mixed-spaces-and-tabs
   24:1   warning  Mixed spaces and tabs                  no-mixed-spaces-and-tabs
   25:1   warning  Mixed spaces and tabs                  no-mixed-spaces-and-tabs
   26:2   warning  Mixed spaces and tabs                  no-mixed-spaces-and-tabs
   27:1   warning  Mixed spaces and tabs                  no-mixed-spaces-and-tabs
   28:1   warning  Mixed spaces and tabs                  no-mixed-spaces-and-tabs
   29:1   warning  Mixed spaces and tabs                  no-mixed-spaces-and-tabs
   30:1   warning  Mixed spaces and tabs                  no-mixed-spaces-and-tabs
   31:2   warning  Mixed spaces and tabs                  no-mixed-spaces-and-tabs
   32:1   warning  Mixed spaces and tabs                  no-mixed-spaces-and-tabs
   33:1   warning  Mixed spaces and tabs                  no-mixed-spaces-and-tabs
   34:1   warning  Mixed spaces and tabs                  no-mixed-spaces-and-tabs
   35:1   warning  Mixed spaces and tabs                  no-mixed-spaces-and-tabs
   36:2   warning  Mixed spaces and tabs                  no-mixed-spaces-and-tabs
   37:1   warning  Mixed spaces and tabs                  no-mixed-spaces-and-tabs
   38:1   warning  Mixed spaces and tabs                  no-mixed-spaces-and-tabs
   39:1   warning  Mixed spaces and tabs                  no-mixed-spaces-and-tabs
   40:1   warning  Mixed spaces and tabs                  no-mixed-spaces-and-tabs
   41:2   warning  Mixed spaces and tabs                  no-mixed-spaces-and-tabs
   42:1   warning  Mixed spaces and tabs                  no-mixed-spaces-and-tabs
   43:1   warning  Mixed spaces and tabs                  no-mixed-spaces-and-tabs
   44:1   warning  Mixed spaces and tabs                  no-mixed-spaces-and-tabs
   45:1   warning  Mixed spaces and tabs                  no-mixed-spaces-and-tabs
   46:2   warning  Mixed spaces and tabs                  no-mixed-spaces-and-tabs
   47:1   warning  Mixed spaces and tabs                  no-mixed-spaces-and-tabs
   48:1   warning  Mixed spaces and tabs                  no-mixed-spaces-and-tabs
   49:1   warning  Mixed spaces and tabs                  no-mixed-spaces-and-tabs
   50:1   warning  Mixed spaces and tabs                  no-mixed-spaces-and-tabs
   51:1   warning  Mixed spaces and tabs                  no-mixed-spaces-and-tabs
   52:1   warning  Mixed spaces and tabs                  no-mixed-spaces-and-tabs
   53:2   warning  Mixed spaces and tabs                  no-mixed-spaces-and-tabs
   54:1   warning  Mixed spaces and tabs                  no-mixed-spaces-and-tabs
   55:1   warning  Mixed spaces and tabs                  no-mixed-spaces-and-tabs
   56:1   warning  Mixed spaces and tabs                  no-mixed-spaces-and-tabs
   57:1   warning  Mixed spaces and tabs                  no-mixed-spaces-and-tabs
   58:2   warning  Mixed spaces and tabs                  no-mixed-spaces-and-tabs
   59:1   warning  Mixed spaces and tabs                  no-mixed-spaces-and-tabs
   60:1   warning  Mixed spaces and tabs                  no-mixed-spaces-and-tabs
   61:1   warning  Mixed spaces and tabs                  no-mixed-spaces-and-tabs
   62:1   warning  Mixed spaces and tabs                  no-mixed-spaces-and-tabs
   63:2   warning  Mixed spaces and tabs                  no-mixed-spaces-and-tabs
   64:1   warning  Mixed spaces and tabs                  no-mixed-spaces-and-tabs
   65:1   warning  Mixed spaces and tabs                  no-mixed-spaces-and-tabs
   66:1   warning  Mixed spaces and tabs                  no-mixed-spaces-and-tabs
   67:1   warning  Mixed spaces and tabs                  no-mixed-spaces-and-tabs
   68:2   warning  Mixed spaces and tabs                  no-mixed-spaces-and-tabs
   69:1   warning  Mixed spaces and tabs                  no-mixed-spaces-and-tabs
   70:1   warning  Mixed spaces and tabs                  no-mixed-spaces-and-tabs
   71:1   warning  Mixed spaces and tabs                  no-mixed-spaces-and-tabs
   72:1   warning  Mixed spaces and tabs                  no-mixed-spaces-and-tabs
   73:2   warning  Mixed spaces and tabs                  no-mixed-spaces-and-tabs
   74:1   warning  Mixed spaces and tabs                  no-mixed-spaces-and-tabs
   75:1   warning  Mixed spaces and tabs                  no-mixed-spaces-and-tabs
   76:1   warning  Mixed spaces and tabs                  no-mixed-spaces-and-tabs
   77:1   warning  Mixed spaces and tabs                  no-mixed-spaces-and-tabs
   78:2   warning  Mixed spaces and tabs                  no-mixed-spaces-and-tabs
   79:1   warning  Mixed spaces and tabs                  no-mixed-spaces-and-tabs
   80:1   warning  Mixed spaces and tabs                  no-mixed-spaces-and-tabs
   81:1   warning  Mixed spaces and tabs                  no-mixed-spaces-and-tabs
   82:1   warning  Mixed spaces and tabs                  no-mixed-spaces-and-tabs
   83:2   warning  Mixed spaces and tabs                  no-mixed-spaces-and-tabs
   84:1   warning  Mixed spaces and tabs                  no-mixed-spaces-and-tabs
   85:1   warning  Mixed spaces and tabs                  no-mixed-spaces-and-tabs
   86:1   warning  Mixed spaces and tabs                  no-mixed-spaces-and-tabs
   87:2   warning  Mixed spaces and tabs                  no-mixed-spaces-and-tabs
   88:1   warning  Mixed spaces and tabs                  no-mixed-spaces-and-tabs
   89:1   warning  Mixed spaces and tabs                  no-mixed-spaces-and-tabs
   90:1   warning  Mixed spaces and tabs                  no-mixed-spaces-and-tabs
   91:2   warning  Mixed spaces and tabs                  no-mixed-spaces-and-tabs
   92:1   warning  Mixed spaces and tabs                  no-mixed-spaces-and-tabs
   93:1   warning  Mixed spaces and tabs                  no-mixed-spaces-and-tabs
   94:1   warning  Mixed spaces and tabs                  no-mixed-spaces-and-tabs
   95:1   warning  Mixed spaces and tabs                  no-mixed-spaces-and-tabs
   96:1   warning  Mixed spaces and tabs                  no-mixed-spaces-and-tabs
   97:1   warning  Mixed spaces and tabs                  no-mixed-spaces-and-tabs
   98:1   warning  Mixed spaces and tabs                  no-mixed-spaces-and-tabs
   99:1   warning  Mixed spaces and tabs                  no-mixed-spaces-and-tabs
  100:1   warning  Mixed spaces and tabs                  no-mixed-spaces-and-tabs
  101:1   warning  Mixed spaces and tabs                  no-mixed-spaces-and-tabs
  102:2   warning  Mixed spaces and tabs                  no-mixed-spaces-and-tabs
  103:1   warning  Mixed spaces and tabs                  no-mixed-spaces-and-tabs
  104:1   warning  Mixed spaces and tabs                  no-mixed-spaces-and-tabs
  105:1   warning  Mixed spaces and tabs                  no-mixed-spaces-and-tabs
  106:1   warning  Mixed spaces and tabs                  no-mixed-spaces-and-tabs
  107:1   warning  Mixed spaces and tabs                  no-mixed-spaces-and-tabs
  108:2   warning  Mixed spaces and tabs                  no-mixed-spaces-and-tabs
  109:1   warning  Mixed spaces and tabs                  no-mixed-spaces-and-tabs
  110:1   warning  Mixed spaces and tabs                  no-mixed-spaces-and-tabs
  111:1   warning  Mixed spaces and tabs                  no-mixed-spaces-and-tabs
  112:1   warning  Mixed spaces and tabs                  no-mixed-spaces-and-tabs
  114:1   warning  Mixed spaces and tabs                  no-mixed-spaces-and-tabs
  118:1   warning  Mixed spaces and tabs                  no-mixed-spaces-and-tabs
  119:1   warning  Mixed spaces and tabs                  no-mixed-spaces-and-tabs
  120:1   warning  Mixed spaces and tabs                  no-mixed-spaces-and-tabs
  121:1   warning  Mixed spaces and tabs                  no-mixed-spaces-and-tabs
  122:1   warning  Mixed spaces and tabs                  no-mixed-spaces-and-tabs
  124:1   warning  Mixed spaces and tabs                  no-mixed-spaces-and-tabs
  125:1   warning  Mixed spaces and tabs                  no-mixed-spaces-and-tabs
  127:1   warning  Mixed spaces and tabs                  no-mixed-spaces-and-tabs
  128:2   warning  Mixed spaces and tabs                  no-mixed-spaces-and-tabs
  129:1   warning  Mixed spaces and tabs                  no-mixed-spaces-and-tabs
  130:1   warning  Mixed spaces and tabs                  no-mixed-spaces-and-tabs
  132:1   warning  Mixed spaces and tabs                  no-mixed-spaces-and-tabs
  133:2   warning  Mixed spaces and tabs                  no-mixed-spaces-and-tabs
  134:1   warning  Mixed spaces and tabs                  no-mixed-spaces-and-tabs
  135:1   warning  Mixed spaces and tabs                  no-mixed-spaces-and-tabs
  136:1   warning  Mixed spaces and tabs                  no-mixed-spaces-and-tabs
  137:1   warning  Mixed spaces and tabs                  no-mixed-spaces-and-tabs
  138:2   warning  Mixed spaces and tabs                  no-mixed-spaces-and-tabs
  139:1   warning  Mixed spaces and tabs                  no-mixed-spaces-and-tabs
  140:1   warning  Mixed spaces and tabs                  no-mixed-spaces-and-tabs
  141:1   warning  Mixed spaces and tabs                  no-mixed-spaces-and-tabs
  142:1   warning  Mixed spaces and tabs                  no-mixed-spaces-and-tabs
  143:1   warning  Mixed spaces and tabs                  no-mixed-spaces-and-tabs
  144:1   warning  Mixed spaces and tabs                  no-mixed-spaces-and-tabs
  145:1   warning  Mixed spaces and tabs                  no-mixed-spaces-and-tabs
  146:2   warning  Mixed spaces and tabs                  no-mixed-spaces-and-tabs
  147:1   warning  Mixed spaces and tabs                  no-mixed-spaces-and-tabs
  148:1   warning  Mixed spaces and tabs                  no-mixed-spaces-and-tabs
  149:1   warning  Mixed spaces and tabs                  no-mixed-spaces-and-tabs
  150:1   warning  Mixed spaces and tabs                  no-mixed-spaces-and-tabs
  151:2   warning  Mixed spaces and tabs                  no-mixed-spaces-and-tabs
  152:1   warning  Mixed spaces and tabs                  no-mixed-spaces-and-tabs
  153:1   warning  Mixed spaces and tabs                  no-mixed-spaces-and-tabs
  154:1   warning  Mixed spaces and tabs                  no-mixed-spaces-and-tabs
  155:1   warning  Mixed spaces and tabs                  no-mixed-spaces-and-tabs
  156:2   warning  Mixed spaces and tabs                  no-mixed-spaces-and-tabs
  157:1   warning  Mixed spaces and tabs                  no-mixed-spaces-and-tabs
  158:1   warning  Mixed spaces and tabs                  no-mixed-spaces-and-tabs
  159:1   warning  Mixed spaces and tabs                  no-mixed-spaces-and-tabs
  160:1   warning  Mixed spaces and tabs                  no-mixed-spaces-and-tabs
  161:2   warning  Mixed spaces and tabs                  no-mixed-spaces-and-tabs
  162:1   warning  Mixed spaces and tabs                  no-mixed-spaces-and-tabs
  163:1   warning  Mixed spaces and tabs                  no-mixed-spaces-and-tabs
  164:1   warning  Mixed spaces and tabs                  no-mixed-spaces-and-tabs
  165:1   warning  Mixed spaces and tabs                  no-mixed-spaces-and-tabs
  166:2   warning  Mixed spaces and tabs                  no-mixed-spaces-and-tabs
  167:1   warning  Mixed spaces and tabs                  no-mixed-spaces-and-tabs
  168:1   warning  Mixed spaces and tabs                  no-mixed-spaces-and-tabs
  169:1   warning  Mixed spaces and tabs                  no-mixed-spaces-and-tabs
  170:1   warning  Mixed spaces and tabs                  no-mixed-spaces-and-tabs
  171:2   warning  Mixed spaces and tabs                  no-mixed-spaces-and-tabs
  172:1   warning  Mixed spaces and tabs                  no-mixed-spaces-and-tabs
  173:1   warning  Mixed spaces and tabs                  no-mixed-spaces-and-tabs
  174:1   warning  Mixed spaces and tabs                  no-mixed-spaces-and-tabs
  175:1   warning  Mixed spaces and tabs                  no-mixed-spaces-and-tabs
  176:2   warning  Mixed spaces and tabs                  no-mixed-spaces-and-tabs
  177:1   warning  Mixed spaces and tabs                  no-mixed-spaces-and-tabs
  178:1   warning  Mixed spaces and tabs                  no-mixed-spaces-and-tabs
  179:1   warning  Mixed spaces and tabs                  no-mixed-spaces-and-tabs
  180:1   warning  Mixed spaces and tabs                  no-mixed-spaces-and-tabs
  181:1   warning  Mixed spaces and tabs                  no-mixed-spaces-and-tabs
  182:2   warning  Mixed spaces and tabs                  no-mixed-spaces-and-tabs
  183:1   warning  Mixed spaces and tabs                  no-mixed-spaces-and-tabs
  184:1   warning  Mixed spaces and tabs                  no-mixed-spaces-and-tabs
  185:1   warning  Mixed spaces and tabs                  no-mixed-spaces-and-tabs
  186:1   warning  Mixed spaces and tabs                  no-mixed-spaces-and-tabs
  187:1   warning  Mixed spaces and tabs                  no-mixed-spaces-and-tabs
  188:1   warning  Mixed spaces and tabs                  no-mixed-spaces-and-tabs
  189:1   warning  Mixed spaces and tabs                  no-mixed-spaces-and-tabs
  190:1   warning  Mixed spaces and tabs                  no-mixed-spaces-and-tabs
  191:1   warning  Mixed spaces and tabs                  no-mixed-spaces-and-tabs
  194:10  warning  'tankflow' is defined but never used   no-unused-vars
  196:1   warning  Mixed spaces and tabs                  no-mixed-spaces-and-tabs
  248:1   warning  Mixed spaces and tabs                  no-mixed-spaces-and-tabs
  249:1   warning  Mixed spaces and tabs                  no-mixed-spaces-and-tabs
  250:1   warning  Mixed spaces and tabs                  no-mixed-spaces-and-tabs
  251:1   warning  Mixed spaces and tabs                  no-mixed-spaces-and-tabs
  252:1   warning  Mixed spaces and tabs                  no-mixed-spaces-and-tabs
  253:1   warning  Mixed spaces and tabs                  no-mixed-spaces-and-tabs
  258:10  warning  'moveUp' is defined but never used     no-unused-vars
  273:10  warning  'moveDown' is defined but never used   no-unused-vars
  305:10  warning  'moveDown2' is defined but never used  no-unused-vars
  338:10  warning  'moveDown3' is defined but never used  no-unused-vars

✖ 182 problems (0 errors, 182 warnings)

